Device mapping: no known devices.
save/Const: (Const): /job:localhost/replica:0/task:0/cpu:0
save/RestoreV2_29: (RestoreV2): /job:localhost/replica:0/task:0/cpu:0
save/RestoreV2_28: (RestoreV2): /job:localhost/replica:0/task:0/cpu:0
save/RestoreV2_27: (RestoreV2): /job:localhost/replica:0/task:0/cpu:0
save/RestoreV2_26: (RestoreV2): /job:localhost/replica:0/task:0/cpu:0
save/RestoreV2_25: (RestoreV2): /job:localhost/replica:0/task:0/cpu:0
save/RestoreV2_24: (RestoreV2): /job:localhost/replica:0/task:0/cpu:0
save/RestoreV2_23: (RestoreV2): /job:localhost/replica:0/task:0/cpu:0
save/RestoreV2_22: (RestoreV2): /job:localhost/replica:0/task:0/cpu:0
save/RestoreV2_21: (RestoreV2): /job:localhost/replica:0/task:0/cpu:0
save/RestoreV2_20: (RestoreV2): /job:localhost/replica:0/task:0/cpu:0
save/RestoreV2_19: (RestoreV2): /job:localhost/replica:0/task:0/cpu:0
save/RestoreV2_18: (RestoreV2): /job:localhost/replica:0/task:0/cpu:0
save/RestoreV2_17: (RestoreV2): /job:localhost/replica:0/task:0/cpu:0
save/RestoreV2_16: (RestoreV2): /job:localhost/replica:0/task:0/cpu:0
save/RestoreV2_15: (RestoreV2): /job:localhost/replica:0/task:0/cpu:0
save/RestoreV2_14: (RestoreV2): /job:localhost/replica:0/task:0/cpu:0
save/RestoreV2_13: (RestoreV2): /job:localhost/replica:0/task:0/cpu:0
save/RestoreV2_12: (RestoreV2): /job:localhost/replica:0/task:0/cpu:0
save/RestoreV2_11: (RestoreV2): /job:localhost/replica:0/task:0/cpu:0
save/RestoreV2_10: (RestoreV2): /job:localhost/replica:0/task:0/cpu:0
save/RestoreV2_9: (RestoreV2): /job:localhost/replica:0/task:0/cpu:0
save/RestoreV2_8: (RestoreV2): /job:localhost/replica:0/task:0/cpu:0
save/RestoreV2_7: (RestoreV2): /job:localhost/replica:0/task:0/cpu:0
save/RestoreV2_6: (RestoreV2): /job:localhost/replica:0/task:0/cpu:0
save/RestoreV2_5: (RestoreV2): /job:localhost/replica:0/task:0/cpu:0
save/RestoreV2_4: (RestoreV2): /job:localhost/replica:0/task:0/cpu:0
save/RestoreV2_3: (RestoreV2): /job:localhost/replica:0/task:0/cpu:0
save/RestoreV2_2: (RestoreV2): /job:localhost/replica:0/task:0/cpu:0
save/RestoreV2_1: (RestoreV2): /job:localhost/replica:0/task:0/cpu:0
save/RestoreV2: (RestoreV2): /job:localhost/replica:0/task:0/cpu:0
RMSProp/epsilon: (Const): /job:localhost/replica:0/task:0/cpu:0
RMSProp/momentum: (Const): /job:localhost/replica:0/task:0/cpu:0
RMSProp/decay: (Const): /job:localhost/replica:0/task:0/cpu:0
RMSProp/learning_rate: (Const): /job:localhost/replica:0/task:0/cpu:0
Variable_9/RMSProp_1: (Variable): /job:localhost/replica:0/task:0/cpu:0
save/Assign_29: (Assign): /job:localhost/replica:0/task:0/cpu:0
Variable_9/RMSProp_1/read: (Identity): /job:localhost/replica:0/task:0/cpu:0
Variable_9/RMSProp_1/Assign: (Assign): /job:localhost/replica:0/task:0/cpu:0
Variable_9/RMSProp: (Variable): /job:localhost/replica:0/task:0/cpu:0
save/Assign_28: (Assign): /job:localhost/replica:0/task:0/cpu:0
Variable_9/RMSProp/read: (Identity): /job:localhost/replica:0/task:0/cpu:0
Variable_9/RMSProp/Assign: (Assign): /job:localhost/replica:0/task:0/cpu:0
Variable_8/RMSProp_1: (Variable): /job:localhost/replica:0/task:0/cpu:0
save/Assign_26: (Assign): /job:localhost/replica:0/task:0/cpu:0
Variable_8/RMSProp_1/read: (Identity): /job:localhost/replica:0/task:0/cpu:0
Variable_8/RMSProp_1/Assign: (Assign): /job:localhost/replica:0/task:0/cpu:0
Variable_8/RMSProp: (Variable): /job:localhost/replica:0/task:0/cpu:0
save/Assign_25: (Assign): /job:localhost/replica:0/task:0/cpu:0
Variable_8/RMSProp/read: (Identity): /job:localhost/replica:0/task:0/cpu:0
Variable_8/RMSProp/Assign: (Assign): /job:localhost/replica:0/task:0/cpu:0
Variable_7/RMSProp_1: (Variable): /job:localhost/replica:0/task:0/cpu:0
save/Assign_23: (Assign): /job:localhost/replica:0/task:0/cpu:0
Variable_7/RMSProp_1/read: (Identity): /job:localhost/replica:0/task:0/cpu:0
Variable_7/RMSProp_1/Assign: (Assign): /job:localhost/replica:0/task:0/cpu:0
Variable_7/RMSProp: (Variable): /job:localhost/replica:0/task:0/cpu:0
save/Assign_22: (Assign): /job:localhost/replica:0/task:0/cpu:0
Variable_7/RMSProp/read: (Identity): /job:localhost/replica:0/task:0/cpu:0
Variable_7/RMSProp/Assign: (Assign): /job:localhost/replica:0/task:0/cpu:0
Variable_6/RMSProp_1: (Variable): /job:localhost/replica:0/task:0/cpu:0
save/Assign_20: (Assign): /job:localhost/replica:0/task:0/cpu:0
Variable_6/RMSProp_1/read: (Identity): /job:localhost/replica:0/task:0/cpu:0
Variable_6/RMSProp_1/Assign: (Assign): /job:localhost/replica:0/task:0/cpu:0
Variable_6/RMSProp: (Variable): /job:localhost/replica:0/task:0/cpu:0
save/Assign_19: (Assign): /job:localhost/replica:0/task:0/cpu:0
Variable_6/RMSProp/read: (Identity): /job:localhost/replica:0/task:0/cpu:0
Variable_6/RMSProp/Assign: (Assign): /job:localhost/replica:0/task:0/cpu:0
Variable_5/RMSProp_1: (Variable): /job:localhost/replica:0/task:0/cpu:0
save/Assign_17: (Assign): /job:localhost/replica:0/task:0/cpu:0
Variable_5/RMSProp_1/read: (Identity): /job:localhost/replica:0/task:0/cpu:0
Variable_5/RMSProp_1/Assign: (Assign): /job:localhost/replica:0/task:0/cpu:0
Variable_5/RMSProp: (Variable): /job:localhost/replica:0/task:0/cpu:0
save/Assign_16: (Assign): /job:localhost/replica:0/task:0/cpu:0
Variable_5/RMSProp/read: (Identity): /job:localhost/replica:0/task:0/cpu:0
Variable_5/RMSProp/Assign: (Assign): /job:localhost/replica:0/task:0/cpu:0
Variable_4/RMSProp_1: (Variable): /job:localhost/replica:0/task:0/cpu:0
save/Assign_14: (Assign): /job:localhost/replica:0/task:0/cpu:0
Variable_4/RMSProp_1/read: (Identity): /job:localhost/replica:0/task:0/cpu:0
Variable_4/RMSProp_1/Assign: (Assign): /job:localhost/replica:0/task:0/cpu:0
Variable_4/RMSProp: (Variable): /job:localhost/replica:0/task:0/cpu:0
save/Assign_13: (Assign): /job:localhost/replica:0/task:0/cpu:0
Variable_4/RMSProp/read: (Identity): /job:localhost/replica:0/task:0/cpu:0
Variable_4/RMSProp/Assign: (Assign): /job:localhost/replica:0/task:0/cpu:0
Variable_3/RMSProp_1: (Variable): /job:localhost/replica:0/task:0/cpu:0
save/Assign_11: (Assign): /job:localhost/replica:0/task:0/cpu:0
Variable_3/RMSProp_1/read: (Identity): /job:localhost/replica:0/task:0/cpu:0
Variable_3/RMSProp_1/Assign: (Assign): /job:localhost/replica:0/task:0/cpu:0
Variable_3/RMSProp: (Variable): /job:localhost/replica:0/task:0/cpu:0
save/Assign_10: (Assign): /job:localhost/replica:0/task:0/cpu:0
Variable_3/RMSProp/read: (Identity): /job:localhost/replica:0/task:0/cpu:0
Variable_3/RMSProp/Assign: (Assign): /job:localhost/replica:0/task:0/cpu:0
Variable_2/RMSProp_1: (Variable): /job:localhost/replica:0/task:0/cpu:0
save/Assign_8: (Assign): /job:localhost/replica:0/task:0/cpu:0
Variable_2/RMSProp_1/read: (Identity): /job:localhost/replica:0/task:0/cpu:0
Variable_2/RMSProp_1/Assign: (Assign): /job:localhost/replica:0/task:0/cpu:0
Variable_2/RMSProp: (Variable): /job:localhost/replica:0/task:0/cpu:0
save/Assign_7: (Assign): /job:localhost/replica:0/task:0/cpu:0
Variable_2/RMSProp/read: (Identity): /job:localhost/replica:0/task:0/cpu:0
Variable_2/RMSProp/Assign: (Assign): /job:localhost/replica:0/task:0/cpu:0
Variable_1/RMSProp_1: (Variable): /job:localhost/replica:0/task:0/cpu:0
save/Assign_5: (Assign): /job:localhost/replica:0/task:0/cpu:0
Variable_1/RMSProp_1/read: (Identity): /job:localhost/replica:0/task:0/cpu:0
Variable_1/RMSProp_1/Assign: (Assign): /job:localhost/replica:0/task:0/cpu:0
Variable_1/RMSProp: (Variable): /job:localhost/replica:0/task:0/cpu:0
save/Assign_4: (Assign): /job:localhost/replica:0/task:0/cpu:0
Variable_1/RMSProp/read: (Identity): /job:localhost/replica:0/task:0/cpu:0
Variable_1/RMSProp/Assign: (Assign): /job:localhost/replica:0/task:0/cpu:0
Variable/RMSProp_1: (Variable): /job:localhost/replica:0/task:0/cpu:0
save/Assign_2: (Assign): /job:localhost/replica:0/task:0/cpu:0
Variable/RMSProp_1/read: (Identity): /job:localhost/replica:0/task:0/cpu:0
Variable/RMSProp_1/Assign: (Assign): /job:localhost/replica:0/task:0/cpu:0
Variable/RMSProp: (Variable): /job:localhost/replica:0/task:0/cpu:0
save/Assign_1: (Assign): /job:localhost/replica:0/task:0/cpu:0
Variable/RMSProp/read: (Identity): /job:localhost/replica:0/task:0/cpu:0
Variable/RMSProp/Assign: (Assign): /job:localhost/replica:0/task:0/cpu:0
gradients/add_grad/Shape_1: (Const): /job:localhost/replica:0/task:0/cpu:0
gradients/add_1_grad/Shape_1: (Const): /job:localhost/replica:0/task:0/cpu:0
gradients/add_2_grad/Shape_1: (Const): /job:localhost/replica:0/task:0/cpu:0
gradients/add_3_grad/Shape_1: (Const): /job:localhost/replica:0/task:0/cpu:0
gradients/add_4_grad/Shape_1: (Const): /job:localhost/replica:0/task:0/cpu:0
gradients/Sum_grad/Fill: (Fill): /job:localhost/replica:0/task:0/cpu:0
gradients/Sum_grad/Size: (Const): /job:localhost/replica:0/task:0/cpu:0
gradients/Sum_grad/range: (Range): /job:localhost/replica:0/task:0/cpu:0
gradients/Mean_grad/Prod_1: (Prod): /job:localhost/replica:0/task:0/cpu:0
gradients/Mean_grad/Maximum: (Maximum): /job:localhost/replica:0/task:0/cpu:0
gradients/Fill: (Fill): /job:localhost/replica:0/task:0/cpu:0
gradients/Mean_grad/Reshape: (Reshape): /job:localhost/replica:0/task:0/cpu:0
Sum/reduction_indices: (Const): /job:localhost/replica:0/task:0/cpu:0
gradients/Sum_grad/add: (Add): /job:localhost/replica:0/task:0/cpu:0
gradients/Sum_grad/mod: (Mod): /job:localhost/replica:0/task:0/cpu:0
Placeholder_2: (Placeholder): /job:localhost/replica:0/task:0/cpu:0
gradients/sub_grad/Shape: (Shape): /job:localhost/replica:0/task:0/cpu:0
Placeholder_1: (Placeholder): /job:localhost/replica:0/task:0/cpu:0
gradients/Mul_grad/Shape_1: (Shape): /job:localhost/replica:0/task:0/cpu:0
Placeholder: (Placeholder): /job:localhost/replica:0/task:0/cpu:0
gradients/Conv2D_grad/Shape: (Shape): /job:localhost/replica:0/task:0/cpu:0
Variable_9: (Variable): /job:localhost/replica:0/task:0/cpu:0
save/Assign_27: (Assign): /job:localhost/replica:0/task:0/cpu:0
Variable_9/read: (Identity): /job:localhost/replica:0/task:0/cpu:0
Variable_9/Assign: (Assign): /job:localhost/replica:0/task:0/cpu:0
Variable_8: (Variable): /job:localhost/replica:0/task:0/cpu:0
save/Assign_24: (Assign): /job:localhost/replica:0/task:0/cpu:0
Variable_8/read: (Identity): /job:localhost/replica:0/task:0/cpu:0
truncated_normal_4/TruncatedNormal: (TruncatedNormal): /job:localhost/replica:0/task:0/cpu:0
truncated_normal_4/mul: (Mul): /job:localhost/replica:0/task:0/cpu:0
truncated_normal_4: (Add): /job:localhost/replica:0/task:0/cpu:0
Variable_8/Assign: (Assign): /job:localhost/replica:0/task:0/cpu:0
Variable_7: (Variable): /job:localhost/replica:0/task:0/cpu:0
save/Assign_21: (Assign): /job:localhost/replica:0/task:0/cpu:0
Variable_7/read: (Identity): /job:localhost/replica:0/task:0/cpu:0
Variable_7/Assign: (Assign): /job:localhost/replica:0/task:0/cpu:0
Variable_6: (Variable): /job:localhost/replica:0/task:0/cpu:0
save/Assign_18: (Assign): /job:localhost/replica:0/task:0/cpu:0
Variable_6/read: (Identity): /job:localhost/replica:0/task:0/cpu:0
truncated_normal_3/TruncatedNormal: (TruncatedNormal): /job:localhost/replica:0/task:0/cpu:0
truncated_normal_3/mul: (Mul): /job:localhost/replica:0/task:0/cpu:0
truncated_normal_3: (Add): /job:localhost/replica:0/task:0/cpu:0
Variable_6/Assign: (Assign): /job:localhost/replica:0/task:0/cpu:0
Variable_5: (Variable): /job:localhost/replica:0/task:0/cpu:0
save/Assign_15: (Assign): /job:localhost/replica:0/task:0/cpu:0
Variable_5/read: (Identity): /job:localhost/replica:0/task:0/cpu:0
Variable_5/Assign: (Assign): /job:localhost/replica:0/task:0/cpu:0
Variable_4: (Variable): /job:localhost/replica:0/task:0/cpu:0
save/Assign_12: (Assign): /job:localhost/replica:0/task:0/cpu:0
Variable_4/read: (Identity): /job:localhost/replica:0/task:0/cpu:0
truncated_normal_2/TruncatedNormal: (TruncatedNormal): /job:localhost/replica:0/task:0/cpu:0
truncated_normal_2/mul: (Mul): /job:localhost/replica:0/task:0/cpu:0
truncated_normal_2: (Add): /job:localhost/replica:0/task:0/cpu:0
Variable_4/Assign: (Assign): /job:localhost/replica:0/task:0/cpu:0
Variable_3: (Variable): /job:localhost/replica:0/task:0/cpu:0
save/Assign_9: (Assign): /job:localhost/replica:0/task:0/cpu:0
Variable_3/read: (Identity): /job:localhost/replica:0/task:0/cpu:0
Variable_3/Assign: (Assign): /job:localhost/replica:0/task:0/cpu:0
Variable_2: (Variable): /job:localhost/replica:0/task:0/cpu:0
save/Assign_6: (Assign): /job:localhost/replica:0/task:0/cpu:0
Variable_2/read: (Identity): /job:localhost/replica:0/task:0/cpu:0
truncated_normal_1/TruncatedNormal: (TruncatedNormal): /job:localhost/replica:0/task:0/cpu:0
truncated_normal_1/mul: (Mul): /job:localhost/replica:0/task:0/cpu:0
truncated_normal_1: (Add): /job:localhost/replica:0/task:0/cpu:0
Variable_2/Assign: (Assign): /job:localhost/replica:0/task:0/cpu:0
Variable_1: (Variable): /job:localhost/replica:0/task:0/cpu:0
save/Assign_3: (Assign): /job:localhost/replica:0/task:0/cpu:0
Variable_1/read: (Identity): /job:localhost/replica:0/task:0/cpu:0
Variable_1/Assign: (Assign): /job:localhost/replica:0/task:0/cpu:0
Variable: (Variable): /job:localhost/replica:0/task:0/cpu:0
save/Assign: (Assign): /job:localhost/replica:0/task:0/cpu:0
save/restore_all: (NoOp): /job:localhost/replica:0/task:0/cpu:0
save/SaveV2: (SaveV2): /job:localhost/replica:0/task:0/cpu:0
save/control_dependency: (Identity): /job:localhost/replica:0/task:0/cpu:0
Variable/read: (Identity): /job:localhost/replica:0/task:0/cpu:0
Conv2D: (Conv2D): /job:localhost/replica:0/task:0/cpu:0
gradients/add_grad/Shape: (Shape): /job:localhost/replica:0/task:0/cpu:0
gradients/add_grad/BroadcastGradientArgs: (BroadcastGradientArgs): /job:localhost/replica:0/task:0/cpu:0
add: (Add): /job:localhost/replica:0/task:0/cpu:0
Relu: (Relu): /job:localhost/replica:0/task:0/cpu:0
gradients/Conv2D_1_grad/Shape: (Shape): /job:localhost/replica:0/task:0/cpu:0
Conv2D_1: (Conv2D): /job:localhost/replica:0/task:0/cpu:0
gradients/add_1_grad/Shape: (Shape): /job:localhost/replica:0/task:0/cpu:0
gradients/add_1_grad/BroadcastGradientArgs: (BroadcastGradientArgs): /job:localhost/replica:0/task:0/cpu:0
add_1: (Add): /job:localhost/replica:0/task:0/cpu:0
Relu_1: (Relu): /job:localhost/replica:0/task:0/cpu:0
gradients/Conv2D_2_grad/Shape: (Shape): /job:localhost/replica:0/task:0/cpu:0
Conv2D_2: (Conv2D): /job:localhost/replica:0/task:0/cpu:0
gradients/add_2_grad/Shape: (Shape): /job:localhost/replica:0/task:0/cpu:0
gradients/add_2_grad/BroadcastGradientArgs: (BroadcastGradientArgs): /job:localhost/replica:0/task:0/cpu:0
add_2: (Add): /job:localhost/replica:0/task:0/cpu:0
Relu_2: (Relu): /job:localhost/replica:0/task:0/cpu:0
gradients/Reshape_grad/Shape: (Shape): /job:localhost/replica:0/task:0/cpu:0
Reshape: (Reshape): /job:localhost/replica:0/task:0/cpu:0
MatMul: (MatMul): /job:localhost/replica:0/task:0/cpu:0
gradients/add_3_grad/Shape: (Shape): /job:localhost/replica:0/task:0/cpu:0
gradients/add_3_grad/BroadcastGradientArgs: (BroadcastGradientArgs): /job:localhost/replica:0/task:0/cpu:0
add_3: (Add): /job:localhost/replica:0/task:0/cpu:0
Relu_3: (Relu): /job:localhost/replica:0/task:0/cpu:0
MatMul_1: (MatMul): /job:localhost/replica:0/task:0/cpu:0
gradients/add_4_grad/Shape: (Shape): /job:localhost/replica:0/task:0/cpu:0
gradients/add_4_grad/BroadcastGradientArgs: (BroadcastGradientArgs): /job:localhost/replica:0/task:0/cpu:0
add_4: (Add): /job:localhost/replica:0/task:0/cpu:0
gradients/Mul_grad/Shape: (Shape): /job:localhost/replica:0/task:0/cpu:0
gradients/Mul_grad/BroadcastGradientArgs: (BroadcastGradientArgs): /job:localhost/replica:0/task:0/cpu:0
Mul: (Mul): /job:localhost/replica:0/task:0/cpu:0
gradients/Sum_grad/Shape: (Shape): /job:localhost/replica:0/task:0/cpu:0
gradients/Sum_grad/DynamicStitch: (DynamicStitch): /job:localhost/replica:0/task:0/cpu:0
gradients/Sum_grad/Maximum: (Maximum): /job:localhost/replica:0/task:0/cpu:0
gradients/Sum_grad/floordiv: (Div): /job:localhost/replica:0/task:0/cpu:0
Sum: (Sum): /job:localhost/replica:0/task:0/cpu:0
gradients/sub_grad/Shape_1: (Shape): /job:localhost/replica:0/task:0/cpu:0
gradients/sub_grad/BroadcastGradientArgs: (BroadcastGradientArgs): /job:localhost/replica:0/task:0/cpu:0
sub: (Sub): /job:localhost/replica:0/task:0/cpu:0
Square: (Square): /job:localhost/replica:0/task:0/cpu:0
gradients/Mean_grad/Shape_1: (Shape): /job:localhost/replica:0/task:0/cpu:0
gradients/Mean_grad/Prod: (Prod): /job:localhost/replica:0/task:0/cpu:0
gradients/Mean_grad/floordiv: (Div): /job:localhost/replica:0/task:0/cpu:0
gradients/Mean_grad/Cast: (Cast): /job:localhost/replica:0/task:0/cpu:0
gradients/Mean_grad/Shape: (Shape): /job:localhost/replica:0/task:0/cpu:0
gradients/Mean_grad/Tile: (Tile): /job:localhost/replica:0/task:0/cpu:0
gradients/Mean_grad/truediv: (Div): /job:localhost/replica:0/task:0/cpu:0
gradients/Square_grad/mul: (Mul): /job:localhost/replica:0/task:0/cpu:0
gradients/Square_grad/mul_1: (Mul): /job:localhost/replica:0/task:0/cpu:0
gradients/sub_grad/Sum_1: (Sum): /job:localhost/replica:0/task:0/cpu:0
gradients/sub_grad/Neg: (Neg): /job:localhost/replica:0/task:0/cpu:0
gradients/sub_grad/Reshape_1: (Reshape): /job:localhost/replica:0/task:0/cpu:0
gradients/sub_grad/Sum: (Sum): /job:localhost/replica:0/task:0/cpu:0
gradients/sub_grad/Reshape: (Reshape): /job:localhost/replica:0/task:0/cpu:0
gradients/sub_grad/tuple/group_deps: (NoOp): /job:localhost/replica:0/task:0/cpu:0
gradients/sub_grad/tuple/control_dependency_1: (Identity): /job:localhost/replica:0/task:0/cpu:0
gradients/Sum_grad/Reshape: (Reshape): /job:localhost/replica:0/task:0/cpu:0
gradients/Sum_grad/Tile: (Tile): /job:localhost/replica:0/task:0/cpu:0
gradients/Mul_grad/mul_1: (Mul): /job:localhost/replica:0/task:0/cpu:0
gradients/Mul_grad/Sum_1: (Sum): /job:localhost/replica:0/task:0/cpu:0
gradients/Mul_grad/Reshape_1: (Reshape): /job:localhost/replica:0/task:0/cpu:0
gradients/Mul_grad/mul: (Mul): /job:localhost/replica:0/task:0/cpu:0
gradients/Mul_grad/Sum: (Sum): /job:localhost/replica:0/task:0/cpu:0
gradients/Mul_grad/Reshape: (Reshape): /job:localhost/replica:0/task:0/cpu:0
gradients/Mul_grad/tuple/group_deps: (NoOp): /job:localhost/replica:0/task:0/cpu:0
gradients/Mul_grad/tuple/control_dependency_1: (Identity): /job:localhost/replica:0/task:0/cpu:0
gradients/Mul_grad/tuple/control_dependency: (Identity): /job:localhost/replica:0/task:0/cpu:0
gradients/add_4_grad/Sum_1: (Sum): /job:localhost/replica:0/task:0/cpu:0
gradients/add_4_grad/Reshape_1: (Reshape): /job:localhost/replica:0/task:0/cpu:0
gradients/add_4_grad/Sum: (Sum): /job:localhost/replica:0/task:0/cpu:0
gradients/add_4_grad/Reshape: (Reshape): /job:localhost/replica:0/task:0/cpu:0
gradients/add_4_grad/tuple/group_deps: (NoOp): /job:localhost/replica:0/task:0/cpu:0
gradients/add_4_grad/tuple/control_dependency_1: (Identity): /job:localhost/replica:0/task:0/cpu:0
RMSProp/update_Variable_9/ApplyRMSProp: (ApplyRMSProp): /job:localhost/replica:0/task:0/cpu:0
gradients/add_4_grad/tuple/control_dependency: (Identity): /job:localhost/replica:0/task:0/cpu:0
gradients/MatMul_1_grad/MatMul_1: (MatMul): /job:localhost/replica:0/task:0/cpu:0
gradients/MatMul_1_grad/MatMul: (MatMul): /job:localhost/replica:0/task:0/cpu:0
gradients/MatMul_1_grad/tuple/group_deps: (NoOp): /job:localhost/replica:0/task:0/cpu:0
gradients/MatMul_1_grad/tuple/control_dependency_1: (Identity): /job:localhost/replica:0/task:0/cpu:0
RMSProp/update_Variable_8/ApplyRMSProp: (ApplyRMSProp): /job:localhost/replica:0/task:0/cpu:0
gradients/MatMul_1_grad/tuple/control_dependency: (Identity): /job:localhost/replica:0/task:0/cpu:0
gradients/Relu_3_grad/ReluGrad: (ReluGrad): /job:localhost/replica:0/task:0/cpu:0
gradients/add_3_grad/Sum_1: (Sum): /job:localhost/replica:0/task:0/cpu:0
gradients/add_3_grad/Reshape_1: (Reshape): /job:localhost/replica:0/task:0/cpu:0
gradients/add_3_grad/Sum: (Sum): /job:localhost/replica:0/task:0/cpu:0
gradients/add_3_grad/Reshape: (Reshape): /job:localhost/replica:0/task:0/cpu:0
gradients/add_3_grad/tuple/group_deps: (NoOp): /job:localhost/replica:0/task:0/cpu:0
gradients/add_3_grad/tuple/control_dependency_1: (Identity): /job:localhost/replica:0/task:0/cpu:0
RMSProp/update_Variable_7/ApplyRMSProp: (ApplyRMSProp): /job:localhost/replica:0/task:0/cpu:0
gradients/add_3_grad/tuple/control_dependency: (Identity): /job:localhost/replica:0/task:0/cpu:0
gradients/MatMul_grad/MatMul_1: (MatMul): /job:localhost/replica:0/task:0/cpu:0
gradients/MatMul_grad/MatMul: (MatMul): /job:localhost/replica:0/task:0/cpu:0
gradients/MatMul_grad/tuple/group_deps: (NoOp): /job:localhost/replica:0/task:0/cpu:0
gradients/MatMul_grad/tuple/control_dependency_1: (Identity): /job:localhost/replica:0/task:0/cpu:0
RMSProp/update_Variable_6/ApplyRMSProp: (ApplyRMSProp): /job:localhost/replica:0/task:0/cpu:0
gradients/MatMul_grad/tuple/control_dependency: (Identity): /job:localhost/replica:0/task:0/cpu:0
gradients/Reshape_grad/Reshape: (Reshape): /job:localhost/replica:0/task:0/cpu:0
gradients/Relu_2_grad/ReluGrad: (ReluGrad): /job:localhost/replica:0/task:0/cpu:0
gradients/add_2_grad/Sum_1: (Sum): /job:localhost/replica:0/task:0/cpu:0
gradients/add_2_grad/Reshape_1: (Reshape): /job:localhost/replica:0/task:0/cpu:0
gradients/add_2_grad/Sum: (Sum): /job:localhost/replica:0/task:0/cpu:0
gradients/add_2_grad/Reshape: (Reshape): /job:localhost/replica:0/task:0/cpu:0
gradients/add_2_grad/tuple/group_deps: (NoOp): /job:localhost/replica:0/task:0/cpu:0
gradients/add_2_grad/tuple/control_dependency_1: (Identity): /job:localhost/replica:0/task:0/cpu:0
RMSProp/update_Variable_5/ApplyRMSProp: (ApplyRMSProp): /job:localhost/replica:0/task:0/cpu:0
gradients/add_2_grad/tuple/control_dependency: (Identity): /job:localhost/replica:0/task:0/cpu:0
gradients/Conv2D_2_grad/Conv2DBackpropFilter: (Conv2DBackpropFilter): /job:localhost/replica:0/task:0/cpu:0
gradients/Conv2D_2_grad/Conv2DBackpropInput: (Conv2DBackpropInput): /job:localhost/replica:0/task:0/cpu:0
gradients/Conv2D_2_grad/tuple/group_deps: (NoOp): /job:localhost/replica:0/task:0/cpu:0
gradients/Conv2D_2_grad/tuple/control_dependency_1: (Identity): /job:localhost/replica:0/task:0/cpu:0
RMSProp/update_Variable_4/ApplyRMSProp: (ApplyRMSProp): /job:localhost/replica:0/task:0/cpu:0
gradients/Conv2D_2_grad/tuple/control_dependency: (Identity): /job:localhost/replica:0/task:0/cpu:0
gradients/Relu_1_grad/ReluGrad: (ReluGrad): /job:localhost/replica:0/task:0/cpu:0
gradients/add_1_grad/Sum_1: (Sum): /job:localhost/replica:0/task:0/cpu:0
gradients/add_1_grad/Reshape_1: (Reshape): /job:localhost/replica:0/task:0/cpu:0
gradients/add_1_grad/Sum: (Sum): /job:localhost/replica:0/task:0/cpu:0
gradients/add_1_grad/Reshape: (Reshape): /job:localhost/replica:0/task:0/cpu:0
gradients/add_1_grad/tuple/group_deps: (NoOp): /job:localhost/replica:0/task:0/cpu:0
gradients/add_1_grad/tuple/control_dependency_1: (Identity): /job:localhost/replica:0/task:0/cpu:0
RMSProp/update_Variable_3/ApplyRMSProp: (ApplyRMSProp): /job:localhost/replica:0/task:0/cpu:0
gradients/add_1_grad/tuple/control_dependency: (Identity): /job:localhost/replica:0/task:0/cpu:0
gradients/Conv2D_1_grad/Conv2DBackpropFilter: (Conv2DBackpropFilter): /job:localhost/replica:0/task:0/cpu:0
gradients/Conv2D_1_grad/Conv2DBackpropInput: (Conv2DBackpropInput): /job:localhost/replica:0/task:0/cpu:0
gradients/Conv2D_1_grad/tuple/group_deps: (NoOp): /job:localhost/replica:0/task:0/cpu:0
gradients/Conv2D_1_grad/tuple/control_dependency_1: (Identity): /job:localhost/replica:0/task:0/cpu:0
RMSProp/update_Variable_2/ApplyRMSProp: (ApplyRMSProp): /job:localhost/replica:0/task:0/cpu:0
gradients/Conv2D_1_grad/tuple/control_dependency: (Identity): /job:localhost/replica:0/task:0/cpu:0
gradients/Relu_grad/ReluGrad: (ReluGrad): /job:localhost/replica:0/task:0/cpu:0
gradients/add_grad/Sum_1: (Sum): /job:localhost/replica:0/task:0/cpu:0
gradients/add_grad/Reshape_1: (Reshape): /job:localhost/replica:0/task:0/cpu:0
gradients/add_grad/Sum: (Sum): /job:localhost/replica:0/task:0/cpu:0
gradients/add_grad/Reshape: (Reshape): /job:localhost/replica:0/task:0/cpu:0
gradients/add_grad/tuple/group_deps: (NoOp): /job:localhost/replica:0/task:0/cpu:0
gradients/add_grad/tuple/control_dependency_1: (Identity): /job:localhost/replica:0/task:0/cpu:0
RMSProp/update_Variable_1/ApplyRMSProp: (ApplyRMSProp): /job:localhost/replica:0/task:0/cpu:0
gradients/add_grad/tuple/control_dependency: (Identity): /job:localhost/replica:0/task:0/cpu:0
gradients/Conv2D_grad/Conv2DBackpropFilter: (Conv2DBackpropFilter): /job:localhost/replica:0/task:0/cpu:0
gradients/Conv2D_grad/Conv2DBackpropInput: (Conv2DBackpropInput): /job:localhost/replica:0/task:0/cpu:0
gradients/Conv2D_grad/tuple/group_deps: (NoOp): /job:localhost/replica:0/task:0/cpu:0
gradients/Conv2D_grad/tuple/control_dependency_1: (Identity): /job:localhost/replica:0/task:0/cpu:0
RMSProp/update_Variable/ApplyRMSProp: (ApplyRMSProp): /job:localhost/replica:0/task:0/cpu:0
RMSProp: (NoOp): /job:localhost/replica:0/task:0/cpu:0
gradients/Conv2D_grad/tuple/control_dependency: (Identity): /job:localhost/replica:0/task:0/cpu:0
gradients/sub_grad/tuple/control_dependency: (Identity): /job:localhost/replica:0/task:0/cpu:0
Mean: (Mean): /job:localhost/replica:0/task:0/cpu:0
truncated_normal/TruncatedNormal: (TruncatedNormal): /job:localhost/replica:0/task:0/cpu:0
truncated_normal/mul: (Mul): /job:localhost/replica:0/task:0/cpu:0
truncated_normal: (Add): /job:localhost/replica:0/task:0/cpu:0
Variable/Assign: (Assign): /job:localhost/replica:0/task:0/cpu:0
init: (NoOp): /job:localhost/replica:0/task:0/cpu:0
save/RestoreV2_29/shape_and_slices: (Const): /job:localhost/replica:0/task:0/cpu:0
save/RestoreV2_29/tensor_names: (Const): /job:localhost/replica:0/task:0/cpu:0
save/RestoreV2_28/shape_and_slices: (Const): /job:localhost/replica:0/task:0/cpu:0
save/RestoreV2_28/tensor_names: (Const): /job:localhost/replica:0/task:0/cpu:0
save/RestoreV2_27/shape_and_slices: (Const): /job:localhost/replica:0/task:0/cpu:0
save/RestoreV2_27/tensor_names: (Const): /job:localhost/replica:0/task:0/cpu:0
save/RestoreV2_26/shape_and_slices: (Const): /job:localhost/replica:0/task:0/cpu:0
save/RestoreV2_26/tensor_names: (Const): /job:localhost/replica:0/task:0/cpu:0
save/RestoreV2_25/shape_and_slices: (Const): /job:localhost/replica:0/task:0/cpu:0
save/RestoreV2_25/tensor_names: (Const): /job:localhost/replica:0/task:0/cpu:0
save/RestoreV2_24/shape_and_slices: (Const): /job:localhost/replica:0/task:0/cpu:0
save/RestoreV2_24/tensor_names: (Const): /job:localhost/replica:0/task:0/cpu:0
save/RestoreV2_23/shape_and_slices: (Const): /job:localhost/replica:0/task:0/cpu:0
save/RestoreV2_23/tensor_names: (Const): /job:localhost/replica:0/task:0/cpu:0
save/RestoreV2_22/shape_and_slices: (Const): /job:localhost/replica:0/task:0/cpu:0
save/RestoreV2_22/tensor_names: (Const): /job:localhost/replica:0/task:0/cpu:0
save/RestoreV2_21/shape_and_slices: (Const): /job:localhost/replica:0/task:0/cpu:0
save/RestoreV2_21/tensor_names: (Const): /job:localhost/replica:0/task:0/cpu:0
save/RestoreV2_20/shape_and_slices: (Const): /job:localhost/replica:0/task:0/cpu:0
save/RestoreV2_20/tensor_names: (Const): /job:localhost/replica:0/task:0/cpu:0
save/RestoreV2_19/shape_and_slices: (Const): /job:localhost/replica:0/task:0/cpu:0
save/RestoreV2_19/tensor_names: (Const): /job:localhost/replica:0/task:0/cpu:0
save/RestoreV2_18/shape_and_slices: (Const): /job:localhost/replica:0/task:0/cpu:0
save/RestoreV2_18/tensor_names: (Const): /job:localhost/replica:0/task:0/cpu:0
save/RestoreV2_17/shape_and_slices: (Const): /job:localhost/replica:0/task:0/cpu:0
save/RestoreV2_17/tensor_names: (Const): /job:localhost/replica:0/task:0/cpu:0
save/RestoreV2_16/shape_and_slices: (Const): /job:localhost/replica:0/task:0/cpu:0
save/RestoreV2_16/tensor_names: (Const): /job:localhost/replica:0/task:0/cpu:0
save/RestoreV2_15/shape_and_slices: (Const): /job:localhost/replica:0/task:0/cpu:0
save/RestoreV2_15/tensor_names: (Const): /job:localhost/replica:0/task:0/cpu:0
save/RestoreV2_14/shape_and_slices: (Const): /job:localhost/replica:0/task:0/cpu:0
save/RestoreV2_14/tensor_names: (Const): /job:localhost/replica:0/task:0/cpu:0
save/RestoreV2_13/shape_and_slices: (Const): /job:localhost/replica:0/task:0/cpu:0
save/RestoreV2_13/tensor_names: (Const): /job:localhost/replica:0/task:0/cpu:0
save/RestoreV2_12/shape_and_slices: (Const): /job:localhost/replica:0/task:0/cpu:0
save/RestoreV2_12/tensor_names: (Const): /job:localhost/replica:0/task:0/cpu:0
save/RestoreV2_11/shape_and_slices: (Const): /job:localhost/replica:0/task:0/cpu:0
save/RestoreV2_11/tensor_names: (Const): /job:localhost/replica:0/task:0/cpu:0
save/RestoreV2_10/shape_and_slices: (Const): /job:localhost/replica:0/task:0/cpu:0
save/RestoreV2_10/tensor_names: (Const): /job:localhost/replica:0/task:0/cpu:0
save/RestoreV2_9/shape_and_slices: (Const): /job:localhost/replica:0/task:0/cpu:0
save/RestoreV2_9/tensor_names: (Const): /job:localhost/replica:0/task:0/cpu:0
save/RestoreV2_8/shape_and_slices: (Const): /job:localhost/replica:0/task:0/cpu:0
save/RestoreV2_8/tensor_names: (Const): /job:localhost/replica:0/task:0/cpu:0
save/RestoreV2_7/shape_and_slices: (Const): /job:localhost/replica:0/task:0/cpu:0
save/RestoreV2_7/tensor_names: (Const): /job:localhost/replica:0/task:0/cpu:0
save/RestoreV2_6/shape_and_slices: (Const): /job:localhost/replica:0/task:0/cpu:0
save/RestoreV2_6/tensor_names: (Const): /job:localhost/replica:0/task:0/cpu:0
save/RestoreV2_5/shape_and_slices: (Const): /job:localhost/replica:0/task:0/cpu:0
save/RestoreV2_5/tensor_names: (Const): /job:localhost/replica:0/task:0/cpu:0
save/RestoreV2_4/shape_and_slices: (Const): /job:localhost/replica:0/task:0/cpu:0
save/RestoreV2_4/tensor_names: (Const): /job:localhost/replica:0/task:0/cpu:0
save/RestoreV2_3/shape_and_slices: (Const): /job:localhost/replica:0/task:0/cpu:0
save/RestoreV2_3/tensor_names: (Const): /job:localhost/replica:0/task:0/cpu:0
save/RestoreV2_2/shape_and_slices: (Const): /job:localhost/replica:0/task:0/cpu:0
save/RestoreV2_2/tensor_names: (Const): /job:localhost/replica:0/task:0/cpu:0
save/RestoreV2_1/shape_and_slices: (Const): /job:localhost/replica:0/task:0/cpu:0
save/RestoreV2_1/tensor_names: (Const): /job:localhost/replica:0/task:0/cpu:0
save/RestoreV2/shape_and_slices: (Const): /job:localhost/replica:0/task:0/cpu:0
save/RestoreV2/tensor_names: (Const): /job:localhost/replica:0/task:0/cpu:0
save/SaveV2/shape_and_slices: (Const): /job:localhost/replica:0/task:0/cpu:0
save/SaveV2/tensor_names: (Const): /job:localhost/replica:0/task:0/cpu:0
zeros_9: (Const): /job:localhost/replica:0/task:0/cpu:0
Const_15: (Const): /job:localhost/replica:0/task:0/cpu:0
zeros_8: (Const): /job:localhost/replica:0/task:0/cpu:0
Const_14: (Const): /job:localhost/replica:0/task:0/cpu:0
zeros_7: (Const): /job:localhost/replica:0/task:0/cpu:0
Const_13: (Const): /job:localhost/replica:0/task:0/cpu:0
zeros_6: (Const): /job:localhost/replica:0/task:0/cpu:0
Const_12: (Const): /job:localhost/replica:0/task:0/cpu:0
zeros_5: (Const): /job:localhost/replica:0/task:0/cpu:0
Const_11: (Const): /job:localhost/replica:0/task:0/cpu:0
zeros_4: (Const): /job:localhost/replica:0/task:0/cpu:0
Const_10: (Const): /job:localhost/replica:0/task:0/cpu:0
zeros_3: (Const): /job:localhost/replica:0/task:0/cpu:0
Const_9: (Const): /job:localhost/replica:0/task:0/cpu:0
zeros_2: (Const): /job:localhost/replica:0/task:0/cpu:0
Const_8: (Const): /job:localhost/replica:0/task:0/cpu:0
zeros_1: (Const): /job:localhost/replica:0/task:0/cpu:0
Const_7: (Const): /job:localhost/replica:0/task:0/cpu:0
zeros: (Const): /job:localhost/replica:0/task:0/cpu:0
Const_6: (Const): /job:localhost/replica:0/task:0/cpu:0
gradients/Conv2D_grad/Shape_1: (Const): /job:localhost/replica:0/task:0/cpu:0
gradients/Conv2D_1_grad/Shape_1: (Const): /job:localhost/replica:0/task:0/cpu:0
gradients/Conv2D_2_grad/Shape_1: (Const): /job:localhost/replica:0/task:0/cpu:0
gradients/Sum_grad/Maximum/y: (Const): /job:localhost/replica:0/task:0/cpu:0
gradients/Sum_grad/Fill/value: (Const): /job:localhost/replica:0/task:0/cpu:0
gradients/Sum_grad/range/delta: (Const): /job:localhost/replica:0/task:0/cpu:0
gradients/Sum_grad/range/start: (Const): /job:localhost/replica:0/task:0/cpu:0
gradients/Sum_grad/Shape_1: (Const): /job:localhost/replica:0/task:0/cpu:0
gradients/Mean_grad/Maximum/y: (Const): /job:localhost/replica:0/task:0/cpu:0
gradients/Mean_grad/Const_1: (Const): /job:localhost/replica:0/task:0/cpu:0
gradients/Mean_grad/Const: (Const): /job:localhost/replica:0/task:0/cpu:0
gradients/Mean_grad/Shape_2: (Const): /job:localhost/replica:0/task:0/cpu:0
gradients/Mean_grad/Reshape/shape: (Const): /job:localhost/replica:0/task:0/cpu:0
gradients/Const: (Const): /job:localhost/replica:0/task:0/cpu:0
gradients/Shape: (Const): /job:localhost/replica:0/task:0/cpu:0
Const_5: (Const): /job:localhost/replica:0/task:0/cpu:0
Reshape/shape: (Const): /job:localhost/replica:0/task:0/cpu:0
Const_4: (Const): /job:localhost/replica:0/task:0/cpu:0
truncated_normal_4/stddev: (Const): /job:localhost/replica:0/task:0/cpu:0
truncated_normal_4/mean: (Const): /job:localhost/replica:0/task:0/cpu:0
truncated_normal_4/shape: (Const): /job:localhost/replica:0/task:0/cpu:0
Const_3: (Const): /job:localhost/replica:0/task:0/cpu:0
truncated_normal_3/stddev: (Const): /job:localhost/replica:0/task:0/cpu:0
truncated_normal_3/mean: (Const): /job:localhost/replica:0/task:0/cpu:0
truncated_normal_3/shape: (Const): /job:localhost/replica:0/task:0/cpu:0
Const_2: (Const): /job:localhost/replica:0/task:0/cpu:0
truncated_normal_2/stddev: (Const): /job:localhost/replica:0/task:0/cpu:0
truncated_normal_2/mean: (Const): /job:localhost/replica:0/task:0/cpu:0
truncated_normal_2/shape: (Const): /job:localhost/replica:0/task:0/cpu:0
Const_1: (Const): /job:localhost/replica:0/task:0/cpu:0
truncated_normal_1/stddev: (Const): /job:localhost/replica:0/task:0/cpu:0
truncated_normal_1/mean: (Const): /job:localhost/replica:0/task:0/cpu:0
truncated_normal_1/shape: (Const): /job:localhost/replica:0/task:0/cpu:0
Const: (Const): /job:localhost/replica:0/task:0/cpu:0
gradients/Square_grad/mul/x: (Const): /job:localhost/replica:0/task:0/cpu:0
truncated_normal/stddev: (Const): /job:localhost/replica:0/task:0/cpu:0
truncated_normal/mean: (Const): /job:localhost/replica:0/task:0/cpu:0
truncated_normal/shape: (Const): /job:localhost/replica:0/task:0/cpu:0
