2016-11-01 13:25:54 [WARN] Could not find old network weights
2016-11-01 13:25:54 [INFO] game start...
2016-11-01 13:27:19 [INFO] game over, epoch=1, step=1784, reward=0, max_reward=0
2016-11-01 13:27:19 [INFO] game start...
2016-11-01 13:28:47 [INFO] game over, epoch=2, step=1784, reward=0, max_reward=0
2016-11-01 13:28:47 [INFO] game start...
2016-11-01 13:32:49 [WARN] Could not find old network weights
2016-11-01 13:36:50 [WARN] Could not find old network weights
2016-11-01 13:38:10 [INFO] epoch=1, state=observe, step=1786(0), max_reward=2, epsilon=1.00000, reward=2, max_Q=0.019240
2016-11-01 13:39:33 [INFO] epoch=2, state=observe, step=3572(0), max_reward=2, epsilon=1.00000, reward=2, max_Q=0.018878
2016-11-01 13:49:08 [WARN] Could not find old network weights
2016-11-01 13:50:14 [WARN] Could not find old network weights
2016-11-01 13:50:24 [WARN] Could not find old network weights
2016-11-01 13:50:24 [INFO] game start...
2016-11-01 13:56:42 [WARN] Could not find old network weights
2016-11-01 13:56:42 [INFO] game start...
2016-11-01 13:57:52 [WARN] Could not find old network weights
2016-11-01 13:57:52 [INFO] game start...
2016-11-01 14:02:42 [WARN] Could not find old network weights
2016-11-01 14:02:42 [INFO] game start...
2016-11-01 14:06:53 [WARN] Could not find old network weights
2016-11-01 14:06:53 [INFO] game start...
2016-11-01 14:08:20 [WARN] Could not find old network weights
2016-11-01 14:08:20 [INFO] game start...
2016-11-01 14:08:43 [WARN] Could not find old network weights
2016-11-01 14:08:43 [INFO] game start...
2016-11-01 14:09:27 [WARN] Could not find old network weights
2016-11-01 14:09:27 [INFO] game start...
2016-11-01 14:10:28 [WARN] Could not find old network weights
2016-11-01 14:11:52 [INFO] epoch=1, state=observe, step=1786(0), max_reward=1, epsilon=1.00000, reward=1, max_Q=0.020797
2016-11-01 23:00:50 [WARN] Could not find old network weights
2016-11-01 23:00:50 [INFO] Creating network for SARSA
2016-11-01 23:00:51 [INFO] Creating SARSA agent
2016-11-01 23:00:51 [INFO] game start...
2016-11-01 23:00:56 [WARN] Could not find old network weights
2016-11-01 23:00:56 [INFO] Creating network for SARSA
2016-11-01 23:00:57 [INFO] Creating SARSA agent
2016-11-01 23:00:57 [INFO] game start...
