2016-11-02 06:01:59 [WARN] Could not find old network weights
2016-11-02 06:01:59 [INFO] Creating network for SARSA
2016-11-02 06:02:25 [INFO] Creating SARSA agent
2016-11-02 06:02:25 [INFO] game start...
2016-11-02 06:06:16 [WARN] Could not find old network weights
2016-11-02 06:06:16 [INFO] Creating network for SARSA
2016-11-02 06:06:17 [INFO] Creating SARSA agent
2016-11-02 06:06:17 [INFO] Training starting...
2016-11-02 06:17:32 [WARN] Could not find old network weights
2016-11-02 06:17:32 [INFO] Creating network for SARSA
2016-11-02 06:17:33 [INFO] Creating SARSA agent
2016-11-02 06:17:33 [INFO] Training starting...
2016-11-02 06:18:16 [WARN] Could not find old network weights
2016-11-02 06:18:16 [INFO] Creating network for SARSA
2016-11-02 06:18:17 [INFO] Creating SARSA agent
2016-11-02 06:18:17 [INFO] game start...
2016-11-02 06:19:19 [WARN] Could not find old network weights
2016-11-02 06:19:19 [INFO] Creating network for SARSA
2016-11-02 06:19:20 [INFO] Creating SARSA agent
2016-11-02 06:19:20 [INFO] Training starting...
2016-11-02 06:29:54 [WARN] Could not find old network weights
2016-11-02 06:29:54 [INFO] Creating network for SARSA
2016-11-02 06:29:55 [INFO] Creating SARSA agent
2016-11-02 06:29:55 [INFO] Training starting...
2016-11-02 06:37:33 [WARN] Could not find old network weights
2016-11-02 06:37:33 [INFO] Creating network for SARSA
2016-11-02 06:37:34 [INFO] Creating SARSA agent
2016-11-02 06:37:34 [INFO] Training starting...
